<?xml version="1.0" encoding="UTF-8"?>
<!-- Generated by org.testng.reporters.JUnitReportReporter -->
<testsuite skipped="0" hostname="WIN-GEDESCREUP8" name="testRunner.RunnerTest" tests="1" failures="0" timestamp="25 Feb 2018 18:05:15 GMT" time="0.142" errors="1">
  <testcase name="runScenario" time="0.142" classname="testRunner.RunnerTest">
    <error/>
  </testcase> <!-- runScenario -->
</testsuite> <!-- testRunner.RunnerTest -->
